This is pdfTeX, Version 3.14159265-2.6-1.40.21 (TeX Live 2020/Debian) (preloaded format=pdflatex 2023.5.29)  12 AUG 2023 16:21
entering extended mode
 restricted \write18 enabled.
 %&-line parsing enabled.
**\nonstopmode\input GriffithsIQM.tex
(./GriffithsIQM.tex (/usr/share/texlive/texmf-dist/tex/latex/base/article.cls
Document Class: article 2020/04/10 v1.4m Standard LaTeX document class
(/usr/share/texlive/texmf-dist/tex/latex/base/size10.clo
File: size10.clo 2020/04/10 v1.4m Standard LaTeX file (size option)
)
\c@part=\count177
\c@section=\count178
\c@subsection=\count179
\c@subsubsection=\count180
\c@paragraph=\count181
\c@subparagraph=\count182
\c@figure=\count183
\c@table=\count184
\abovecaptionskip=\skip47
\belowcaptionskip=\skip48
\bibindent=\dimen138
)
(/usr/share/texlive/texmf-dist/tex/latex/graphics/graphicx.sty
Package: graphicx 2020/09/09 v1.2b Enhanced LaTeX Graphics (DPC,SPQR)

(/usr/share/texlive/texmf-dist/tex/latex/graphics/keyval.sty
Package: keyval 2014/10/28 v1.15 key=value parser (DPC)
\KV@toks@=\toks15
)
(/usr/share/texlive/texmf-dist/tex/latex/graphics/graphics.sty
Package: graphics 2020/08/30 v1.4c Standard LaTeX Graphics (DPC,SPQR)

(/usr/share/texlive/texmf-dist/tex/latex/graphics/trig.sty
Package: trig 2016/01/03 v1.10 sin cos tan (DPC)
)
(/usr/share/texlive/texmf-dist/tex/latex/graphics-cfg/graphics.cfg
File: graphics.cfg 2016/06/04 v1.11 sample graphics configuration
)
Package graphics Info: Driver file: pdftex.def on input line 105.

(/usr/share/texlive/texmf-dist/tex/latex/graphics-def/pdftex.def
File: pdftex.def 2020/10/05 v1.2a Graphics/color driver for pdftex
))
\Gin@req@height=\dimen139
\Gin@req@width=\dimen140
)
(/usr/share/texlive/texmf-dist/tex/latex/amsmath/amsmath.sty
Package: amsmath 2020/09/23 v2.17i AMS math features
\@mathmargin=\skip49

For additional information on amsmath, use the `?' option.
(/usr/share/texlive/texmf-dist/tex/latex/amsmath/amstext.sty
Package: amstext 2000/06/29 v2.01 AMS text

(/usr/share/texlive/texmf-dist/tex/latex/amsmath/amsgen.sty
File: amsgen.sty 1999/11/30 v2.0 generic functions
\@emptytoks=\toks16
\ex@=\dimen141
))
(/usr/share/texlive/texmf-dist/tex/latex/amsmath/amsbsy.sty
Package: amsbsy 1999/11/29 v1.2d Bold Symbols
\pmbraise@=\dimen142
)
(/usr/share/texlive/texmf-dist/tex/latex/amsmath/amsopn.sty
Package: amsopn 2016/03/08 v2.02 operator names
)
\inf@bad=\count185
LaTeX Info: Redefining \frac on input line 234.
\uproot@=\count186
\leftroot@=\count187
LaTeX Info: Redefining \overline on input line 399.
\classnum@=\count188
\DOTSCASE@=\count189
LaTeX Info: Redefining \ldots on input line 496.
LaTeX Info: Redefining \dots on input line 499.
LaTeX Info: Redefining \cdots on input line 620.
\Mathstrutbox@=\box47
\strutbox@=\box48
\big@size=\dimen143
LaTeX Font Info:    Redeclaring font encoding OML on input line 743.
LaTeX Font Info:    Redeclaring font encoding OMS on input line 744.
\macc@depth=\count190
\c@MaxMatrixCols=\count191
\dotsspace@=\muskip16
\c@parentequation=\count192
\dspbrk@lvl=\count193
\tag@help=\toks17
\row@=\count194
\column@=\count195
\maxfields@=\count196
\andhelp@=\toks18
\eqnshift@=\dimen144
\alignsep@=\dimen145
\tagshift@=\dimen146
\tagwidth@=\dimen147
\totwidth@=\dimen148
\lineht@=\dimen149
\@envbody=\toks19
\multlinegap=\skip50
\multlinetaggap=\skip51
\mathdisplay@stack=\toks20
LaTeX Info: Redefining \[ on input line 2923.
LaTeX Info: Redefining \] on input line 2924.
)
(/usr/share/texlive/texmf-dist/tex/latex/amsfonts/amssymb.sty
Package: amssymb 2013/01/14 v3.01 AMS font symbols

(/usr/share/texlive/texmf-dist/tex/latex/amsfonts/amsfonts.sty
Package: amsfonts 2013/01/14 v3.01 Basic AMSFonts support
\symAMSa=\mathgroup4
\symAMSb=\mathgroup5
LaTeX Font Info:    Redeclaring math symbol \hbar on input line 98.
LaTeX Font Info:    Overwriting math alphabet `\mathfrak' in version `bold'
(Font)                  U/euf/m/n --> U/euf/b/n on input line 106.
))
(/usr/share/texlive/texmf-dist/tex/latex/cancel/cancel.sty
Package: cancel 2013/04/12 v2.2 Cancel math terms
)
(/usr/share/texlive/texmf-dist/tex/latex/tools/multicol.sty
Package: multicol 2019/12/09 v1.8y multicolumn formatting (FMi)
\c@tracingmulticols=\count197
\mult@box=\box49
\multicol@leftmargin=\dimen150
\c@unbalance=\count198
\c@collectmore=\count199
\doublecol@number=\count266
\multicoltolerance=\count267
\multicolpretolerance=\count268
\full@width=\dimen151
\page@free=\dimen152
\premulticols=\dimen153
\postmulticols=\dimen154
\multicolsep=\skip52
\multicolbaselineskip=\skip53
\partial@page=\box50
\last@line=\box51
\maxbalancingoverflow=\dimen155
\mult@rightbox=\box52
\mult@grightbox=\box53
\mult@gfirstbox=\box54
\mult@firstbox=\box55
\@tempa=\box56
\@tempa=\box57
\@tempa=\box58
\@tempa=\box59
\@tempa=\box60
\@tempa=\box61
\@tempa=\box62
\@tempa=\box63
\@tempa=\box64
\@tempa=\box65
\@tempa=\box66
\@tempa=\box67
\@tempa=\box68
\@tempa=\box69
\@tempa=\box70
\@tempa=\box71
\@tempa=\box72
\@tempa=\box73
\@tempa=\box74
\@tempa=\box75
\@tempa=\box76
\@tempa=\box77
\@tempa=\box78
\@tempa=\box79
\@tempa=\box80
\@tempa=\box81
\@tempa=\box82
\@tempa=\box83
\@tempa=\box84
\@tempa=\box85
\@tempa=\box86
\@tempa=\box87
\@tempa=\box88
\@tempa=\box89
\@tempa=\box90
\@tempa=\box91
\@tempa=\box92
\c@minrows=\count269
\c@columnbadness=\count270
\c@finalcolumnbadness=\count271
\last@try=\dimen156
\multicolovershoot=\dimen157
\multicolundershoot=\dimen158
\mult@nat@firstbox=\box93
\colbreak@box=\box94
\mc@col@check@num=\count272
)
(/usr/share/texlive/texmf-dist/tex/latex/blindtext/blindtext.sty
Package: blindtext 2012/01/06 V2.0 blindtext-Package

(/usr/share/texlive/texmf-dist/tex/latex/tools/xspace.sty
Package: xspace 2014/10/28 v1.13 Space after command names (DPC,MH)
)
\c@blindtext=\count273
\c@Blindtext=\count274
\c@blind@countparstart=\count275
\blind@countxx=\count276
\blindtext@numBlindtext=\count277
\blind@countyy=\count278
\c@blindlist=\count279
\c@blindlistlevel=\count280
\c@blindlist@level=\count281
\blind@listitem=\count282
\c@blind@listcount=\count283
\c@blind@levelcount=\count284
\blind@mathformula=\count285
\blind@Mathformula=\count286
\c@blind@randomcount=\count287
\c@blind@randommax=\count288
\c@blind@pangramcount=\count289
\c@blind@pangrammax=\count290
)
(/usr/share/texlive/texmf-dist/tex/latex/hyperref/hyperref.sty
Package: hyperref 2020-05-15 v7.00e Hypertext links for LaTeX

(/usr/share/texlive/texmf-dist/tex/generic/ltxcmds/ltxcmds.sty
Package: ltxcmds 2020-05-10 v1.25 LaTeX kernel commands for general use (HO)
)
(/usr/share/texlive/texmf-dist/tex/generic/iftex/iftex.sty
Package: iftex 2020/03/06 v1.0d TeX engine tests
)
(/usr/share/texlive/texmf-dist/tex/generic/pdftexcmds/pdftexcmds.sty
Package: pdftexcmds 2020-06-27 v0.33 Utility functions of pdfTeX for LuaTeX (HO
)

(/usr/share/texlive/texmf-dist/tex/generic/infwarerr/infwarerr.sty
Package: infwarerr 2019/12/03 v1.5 Providing info/warning/error messages (HO)
)
Package pdftexcmds Info: \pdf@primitive is available.
Package pdftexcmds Info: \pdf@ifprimitive is available.
Package pdftexcmds Info: \pdfdraftmode found.
)
(/usr/share/texlive/texmf-dist/tex/generic/kvsetkeys/kvsetkeys.sty
Package: kvsetkeys 2019/12/15 v1.18 Key value parser (HO)
)
(/usr/share/texlive/texmf-dist/tex/generic/kvdefinekeys/kvdefinekeys.sty
Package: kvdefinekeys 2019-12-19 v1.6 Define keys (HO)
)
(/usr/share/texlive/texmf-dist/tex/generic/pdfescape/pdfescape.sty
Package: pdfescape 2019/12/09 v1.15 Implements pdfTeX's escape features (HO)
)
(/usr/share/texlive/texmf-dist/tex/latex/hycolor/hycolor.sty
Package: hycolor 2020-01-27 v1.10 Color options for hyperref/bookmark (HO)
)
(/usr/share/texlive/texmf-dist/tex/latex/letltxmacro/letltxmacro.sty
Package: letltxmacro 2019/12/03 v1.6 Let assignment for LaTeX macros (HO)
)
(/usr/share/texlive/texmf-dist/tex/latex/auxhook/auxhook.sty
Package: auxhook 2019-12-17 v1.6 Hooks for auxiliary files (HO)
)
(/usr/share/texlive/texmf-dist/tex/latex/kvoptions/kvoptions.sty
Package: kvoptions 2020-10-07 v3.14 Key value format for package options (HO)
)
\@linkdim=\dimen159
\Hy@linkcounter=\count291
\Hy@pagecounter=\count292

(/usr/share/texlive/texmf-dist/tex/latex/hyperref/pd1enc.def
File: pd1enc.def 2020-05-15 v7.00e Hyperref: PDFDocEncoding definition (HO)
Now handling font encoding PD1 ...
... no UTF-8 mapping file for font encoding PD1
)
(/usr/share/texlive/texmf-dist/tex/generic/intcalc/intcalc.sty
Package: intcalc 2019/12/15 v1.3 Expandable calculations with integers (HO)
)
(/usr/share/texlive/texmf-dist/tex/generic/etexcmds/etexcmds.sty
Package: etexcmds 2019/12/15 v1.7 Avoid name clashes with e-TeX commands (HO)
)
\Hy@SavedSpaceFactor=\count293
Package hyperref Info: Hyper figures OFF on input line 4464.
Package hyperref Info: Link nesting OFF on input line 4469.
Package hyperref Info: Hyper index ON on input line 4472.
Package hyperref Info: Plain pages OFF on input line 4479.
Package hyperref Info: Backreferencing OFF on input line 4484.
Package hyperref Info: Implicit mode ON; LaTeX internals redefined.
Package hyperref Info: Bookmarks ON on input line 4717.
\c@Hy@tempcnt=\count294

(/usr/share/texlive/texmf-dist/tex/latex/url/url.sty
\Urlmuskip=\muskip17
Package: url 2013/09/16  ver 3.4  Verb mode for urls, etc.
)
LaTeX Info: Redefining \url on input line 5076.
\XeTeXLinkMargin=\dimen160

(/usr/share/texlive/texmf-dist/tex/generic/bitset/bitset.sty
Package: bitset 2019/12/09 v1.3 Handle bit-vector datatype (HO)

(/usr/share/texlive/texmf-dist/tex/generic/bigintcalc/bigintcalc.sty
Package: bigintcalc 2019/12/15 v1.5 Expandable calculations on big integers (HO
)
))
\Fld@menulength=\count295
\Field@Width=\dimen161
\Fld@charsize=\dimen162
Package hyperref Info: Hyper figures OFF on input line 6347.
Package hyperref Info: Link nesting OFF on input line 6352.
Package hyperref Info: Hyper index ON on input line 6355.
Package hyperref Info: backreferencing OFF on input line 6362.
Package hyperref Info: Link coloring OFF on input line 6367.
Package hyperref Info: Link coloring with OCG OFF on input line 6372.
Package hyperref Info: PDF/A mode OFF on input line 6377.
LaTeX Info: Redefining \ref on input line 6417.
LaTeX Info: Redefining \pageref on input line 6421.

(/usr/share/texlive/texmf-dist/tex/latex/base/atbegshi-ltx.sty
Package: atbegshi-ltx 2020/08/17 v1.0a Emulation of the original atbegshi packa
ge
with kernel methods
)
\Hy@abspage=\count296
\c@Item=\count297
\c@Hfootnote=\count298
)
Package hyperref Info: Driver (autodetected): hpdftex.

(/usr/share/texlive/texmf-dist/tex/latex/hyperref/hpdftex.def
File: hpdftex.def 2020-05-15 v7.00e Hyperref driver for pdfTeX

(/usr/share/texlive/texmf-dist/tex/latex/base/atveryend-ltx.sty
Package: atveryend-ltx 2020/08/19 v1.0a Emulation of the original atvery packag
e
with kernel methods
)
\Fld@listcount=\count299
\c@bookmark@seq@number=\count300

(/usr/share/texlive/texmf-dist/tex/latex/rerunfilecheck/rerunfilecheck.sty
Package: rerunfilecheck 2019/12/05 v1.9 Rerun checks for auxiliary files (HO)

(/usr/share/texlive/texmf-dist/tex/generic/uniquecounter/uniquecounter.sty
Package: uniquecounter 2019/12/15 v1.4 Provide unlimited unique counter (HO)
)
Package uniquecounter Info: New unique counter `rerunfilecheck' on input line 2
86.
)
\Hy@SectionHShift=\skip54
)
(/usr/share/texlive/texmf-dist/tex/latex/geometry/geometry.sty
Package: geometry 2020/01/02 v5.9 Page Geometry

(/usr/share/texlive/texmf-dist/tex/generic/iftex/ifvtex.sty
Package: ifvtex 2019/10/25 v1.7 ifvtex legacy package. Use iftex instead.
)
\Gm@cnth=\count301
\Gm@cntv=\count302
\c@Gm@tempcnt=\count303
\Gm@bindingoffset=\dimen163
\Gm@wd@mp=\dimen164
\Gm@odd@mp=\dimen165
\Gm@even@mp=\dimen166
\Gm@layoutwidth=\dimen167
\Gm@layoutheight=\dimen168
\Gm@layouthoffset=\dimen169
\Gm@layoutvoffset=\dimen170
\Gm@dimlist=\toks21
)
(/usr/share/texlive/texmf-dist/tex/latex/l3backend/l3backend-pdftex.def
File: l3backend-pdftex.def 2020-01-29 L3 backend support: PDF output (pdfTeX)
\l__color_backend_stack_int=\count304
\l__pdf_internal_box=\box95
)

LaTeX Warning: Unused global option(s):
    [a4papper].

(./GriffithsIQM.aux)
\openout1 = `GriffithsIQM.aux'.

LaTeX Font Info:    Checking defaults for OML/cmm/m/it on input line 15.
LaTeX Font Info:    ... okay on input line 15.
LaTeX Font Info:    Checking defaults for OMS/cmsy/m/n on input line 15.
LaTeX Font Info:    ... okay on input line 15.
LaTeX Font Info:    Checking defaults for OT1/cmr/m/n on input line 15.
LaTeX Font Info:    ... okay on input line 15.
LaTeX Font Info:    Checking defaults for T1/cmr/m/n on input line 15.
LaTeX Font Info:    ... okay on input line 15.
LaTeX Font Info:    Checking defaults for TS1/cmr/m/n on input line 15.
LaTeX Font Info:    ... okay on input line 15.
LaTeX Font Info:    Checking defaults for OMX/cmex/m/n on input line 15.
LaTeX Font Info:    ... okay on input line 15.
LaTeX Font Info:    Checking defaults for U/cmr/m/n on input line 15.
LaTeX Font Info:    ... okay on input line 15.
LaTeX Font Info:    Checking defaults for PD1/pdf/m/n on input line 15.
LaTeX Font Info:    ... okay on input line 15.

(/usr/share/texlive/texmf-dist/tex/context/base/mkii/supp-pdf.mkii
[Loading MPS to PDF converter (version 2006.09.02).]
\scratchcounter=\count305
\scratchdimen=\dimen171
\scratchbox=\box96
\nofMPsegments=\count306
\nofMParguments=\count307
\everyMPshowfont=\toks22
\MPscratchCnt=\count308
\MPscratchDim=\dimen172
\MPnumerator=\count309
\makeMPintoPDFobject=\count310
\everyMPtoPDFconversion=\toks23
) (/usr/share/texlive/texmf-dist/tex/latex/epstopdf-pkg/epstopdf-base.sty
Package: epstopdf-base 2020-01-24 v2.11 Base part for package epstopdf
Package epstopdf-base Info: Redefining graphics rule for `.eps' on input line 4
85.

(/usr/share/texlive/texmf-dist/tex/latex/latexconfig/epstopdf-sys.cfg
File: epstopdf-sys.cfg 2010/07/13 v1.3 Configuration of (r)epstopdf for TeX Liv
e
))
Package hyperref Info: Link coloring OFF on input line 15.

(/usr/share/texlive/texmf-dist/tex/latex/hyperref/nameref.sty
Package: nameref 2019/09/16 v2.46 Cross-referencing by name of section

(/usr/share/texlive/texmf-dist/tex/latex/refcount/refcount.sty
Package: refcount 2019/12/15 v3.6 Data extraction from label references (HO)
)
(/usr/share/texlive/texmf-dist/tex/generic/gettitlestring/gettitlestring.sty
Package: gettitlestring 2019/12/15 v1.6 Cleanup title references (HO)
)
\c@section@level=\count311
)
LaTeX Info: Redefining \ref on input line 15.
LaTeX Info: Redefining \pageref on input line 15.
LaTeX Info: Redefining \nameref on input line 15.

(./GriffithsIQM.out) (./GriffithsIQM.out)
\@outlinefile=\write3
\openout3 = `GriffithsIQM.out'.


*geometry* driver: auto-detecting
*geometry* detected driver: pdftex
*geometry* verbose mode - [ preamble ] result:
* driver: pdftex
* paper: <default>
* layout: <same size as paper>
* layoutoffset:(h,v)=(0.0pt,0.0pt)
* modes: 
* h-part:(L,W,R)=(56.9055pt, 472.03123pt, 85.35826pt)
* v-part:(T,H,B)=(56.9055pt, 681.15898pt, 56.9055pt)
* \paperwidth=614.295pt
* \paperheight=794.96999pt
* \textwidth=472.03123pt
* \textheight=681.15898pt
* \oddsidemargin=-15.36449pt
* \evensidemargin=-15.36449pt
* \topmargin=-52.36449pt
* \headheight=12.0pt
* \headsep=25.0pt
* \topskip=10.0pt
* \footskip=30.0pt
* \marginparwidth=65.0pt
* \marginparsep=11.0pt
* \columnsep=10.0pt
* \skip\footins=9.0pt plus 4.0pt minus 2.0pt
* \hoffset=0.0pt
* \voffset=0.0pt
* \mag=1000
* \@twocolumnfalse
* \@twosidefalse
* \@mparswitchfalse
* \@reversemarginfalse
* (1in=72.27pt=25.4mm, 1cm=28.453pt)


Underfull \hbox (badness 10000) in paragraph at lines 18--20

 []


Underfull \hbox (badness 10000) in paragraph at lines 22--23

 []


Underfull \hbox (badness 10000) in paragraph at lines 22--23

 []


Underfull \hbox (badness 10000) in paragraph at lines 22--23

 []


Underfull \hbox (badness 10000) in paragraph at lines 22--23

 []


Underfull \hbox (badness 10000) in paragraph at lines 22--23

 []


Underfull \hbox (badness 10000) in paragraph at lines 22--23

 []


Underfull \hbox (badness 10000) in paragraph at lines 22--23

 []


Underfull \hbox (badness 10000) in paragraph at lines 22--23

 []


Underfull \hbox (badness 10000) in paragraph at lines 24--25

 []


Underfull \hbox (badness 10000) in paragraph at lines 24--25

 []


Underfull \hbox (badness 10000) in paragraph at lines 24--25

 []


Underfull \hbox (badness 10000) in paragraph at lines 24--25

 []


Underfull \hbox (badness 10000) in paragraph at lines 24--25

 []


Underfull \hbox (badness 10000) in paragraph at lines 24--25

 []


Underfull \hbox (badness 10000) in paragraph at lines 24--25

 []


Underfull \hbox (badness 10000) in paragraph at lines 24--25

 []


Underfull \hbox (badness 10000) in paragraph at lines 24--25

 []


Underfull \hbox (badness 10000) in paragraph at lines 24--25

 []


Underfull \hbox (badness 10000) in paragraph at lines 27--30

 []

[1

{/var/lib/texmf/fonts/map/pdftex/updmap/pdftex.map}]
Underfull \hbox (badness 10000) in paragraph at lines 33--34

 []

LaTeX Font Info:    Trying to load font information for U+msa on input line 35.

(/usr/share/texlive/texmf-dist/tex/latex/amsfonts/umsa.fd
File: umsa.fd 2013/01/14 v3.01 AMS symbols A
)
LaTeX Font Info:    Trying to load font information for U+msb on input line 35.


(/usr/share/texlive/texmf-dist/tex/latex/amsfonts/umsb.fd
File: umsb.fd 2013/01/14 v3.01 AMS symbols B
) [2]
Underfull \hbox (badness 10000) in paragraph at lines 56--57

 []


Underfull \hbox (badness 10000) in paragraph at lines 58--59

 []


Underfull \hbox (badness 10000) in paragraph at lines 64--65

 []

[3]
Underfull \hbox (badness 10000) in paragraph at lines 82--83

 []


Underfull \hbox (badness 10000) in paragraph at lines 88--89

 []

[4]
Underfull \hbox (badness 10000) in paragraph at lines 101--102

 []


Underfull \hbox (badness 10000) in paragraph at lines 103--104

 []

[5]
Underfull \hbox (badness 10000) in paragraph at lines 110--111

 []

[6]
Underfull \hbox (badness 10000) in paragraph at lines 119--120

 []


Underfull \hbox (badness 10000) in paragraph at lines 123--124

 []


Overfull \hbox (10.82591pt too wide) detected at line 130
\OMS/cmsy/m/n/14.4 h\OML/cmm/m/it/14.4 x\OMS/cmsy/m/n/14.4 i \OT1/cmr/m/n/14.4 
= [][] \OML/cmm/m/it/14.4 x^^Z\OT1/cmr/m/n/14.4 (\OML/cmm/m/it/14.4 x\OT1/cmr/m
/n/14.4 )\OML/cmm/m/it/14.4 dx \OT1/cmr/m/n/14.4 = [][] []\OML/cmm/m/it/14.4 dx
 \OT1/cmr/m/n/14.4 = [] [][] \OML/cmm/m/it/14.4 x[]dx \OT1/cmr/m/n/14.4 = [] []
[] = [] [][]
 []


Underfull \hbox (badness 10000) in paragraph at lines 134--135

 []


Underfull \hbox (badness 10000) in paragraph at lines 138--139

 []


Overfull \hbox (21.82594pt too wide) detected at line 145
\OMS/cmsy/m/n/14.4 h\OML/cmm/m/it/14.4 x[]\OMS/cmsy/m/n/14.4 i \OT1/cmr/m/n/14.
4 = [][] \OML/cmm/m/it/14.4 x[]^^Z\OT1/cmr/m/n/14.4 (\OML/cmm/m/it/14.4 x\OT1/c
mr/m/n/14.4 )\OML/cmm/m/it/14.4 dx \OT1/cmr/m/n/14.4 = [][] []\OML/cmm/m/it/14.
4 dx \OT1/cmr/m/n/14.4 = [] [][] \OML/cmm/m/it/14.4 x[]dx \OT1/cmr/m/n/14.4 = [
] [][] = [] [][]
 []

[7]
Underfull \hbox (badness 10000) in paragraph at lines 159--160

 []


Underfull \hbox (badness 10000) in paragraph at lines 161--162

 []


Underfull \hbox (badness 10000) in paragraph at lines 165--166

 []


Underfull \hbox (badness 10000) in paragraph at lines 176--177

 []


Underfull \hbox (badness 10000) in paragraph at lines 178--179

 []

[8]
Underfull \hbox (badness 10000) in paragraph at lines 183--184

 []


Underfull \hbox (badness 10000) in paragraph at lines 187--189

 []

[9]
Underfull \hbox (badness 10000) in paragraph at lines 197--198

 []


Underfull \hbox (badness 10000) in paragraph at lines 199--200

 []


Underfull \hbox (badness 10000) in paragraph at lines 203--204

 []


Overfull \hbox (42.26065pt too wide) detected at line 207
\OML/cmm/m/it/14.4 x \OT1/cmr/m/n/14.4 = [] + \OML/cmm/m/it/14.4 a  \OMS/cmsy/m
/n/14.4 !  \OML/cmm/m/it/14.4 u \OT1/cmr/m/n/14.4 = \OML/cmm/m/it/14.4 ^^U\OT1/
cmr/m/n/14.4 (\OML/cmm/m/it/14.4 x \OMS/cmsy/m/n/14.4 ^^@ \OML/cmm/m/it/14.4 a\
OT1/cmr/m/n/14.4 )[]  \OMS/cmsy/m/n/14.4 !  \OML/cmm/m/it/14.4 du \OT1/cmr/m/n/
14.4 = 2\OML/cmm/m/it/14.4 ^^U\OT1/cmr/m/n/14.4 (\OML/cmm/m/it/14.4 x \OMS/cmsy
/m/n/14.4 ^^@ \OML/cmm/m/it/14.4 a\OT1/cmr/m/n/14.4 )\OML/cmm/m/it/14.4 dx  \OM
S/cmsy/m/n/14.4 !  \OML/cmm/m/it/14.4 dx \OT1/cmr/m/n/14.4 = []\OML/cmm/m/it/14
.4 du
 []


Underfull \hbox (badness 10000) in paragraph at lines 211--212

 []


Underfull \hbox (badness 10000) in paragraph at lines 215--216

 []

[10]
Underfull \hbox (badness 10000) in paragraph at lines 224--225

 []


Underfull \hbox (badness 10000) in paragraph at lines 230--231

 []


Underfull \hbox (badness 10000) in paragraph at lines 240--241

 []

[11]
Underfull \hbox (badness 10000) in paragraph at lines 247--248

 []


Underfull \hbox (badness 10000) in paragraph at lines 252--253

 []


Underfull \hbox (badness 10000) in paragraph at lines 254--255

 []

[12]
Underfull \hbox (badness 10000) in paragraph at lines 263--264

 []


Overfull \hbox (60.1935pt too wide) detected at line 269
\OMS/cmsy/m/n/14.4 h\OML/cmm/m/it/14.4 x[]\OMS/cmsy/m/n/14.4 i \OT1/cmr/m/n/14.
4 = \OML/cmm/m/it/14.4 A [][]\OT1/cmr/m/n/14.4 (\OML/cmm/m/it/14.4 u \OT1/cmr/m
/n/14.4 + \OML/cmm/m/it/14.4 a\OT1/cmr/m/n/14.4 )[]\OML/cmm/m/it/14.4 e[]du \OT
1/cmr/m/n/14.4 = \OML/cmm/m/it/14.4 A []
 []


Underfull \hbox (badness 10000) in paragraph at lines 269--270

 []


Underfull \hbox (badness 10000) in paragraph at lines 273--274

 []


Underfull \hbox (badness 10000) in paragraph at lines 278--279

 []

[13]
Underfull \hbox (badness 10000) in paragraph at lines 290--291

 []


Underfull \hbox (badness 10000) in paragraph at lines 296--297

 []


Underfull \hbox (badness 10000) in paragraph at lines 299--300

 []


Underfull \hbox (badness 10000) in paragraph at lines 304--305

 []


Underfull \hbox (badness 10000) in paragraph at lines 306--307

 []


Underfull \hbox (badness 10000) in paragraph at lines 312--313

 []

[14]
<p1.3c.png, id=72, 494.84875pt x 366.36874pt>
File: p1.3c.png Graphic file (type png)
<use p1.3c.png>
Package pdftex.def Info: p1.3c.png  used on input line 321.
(pdftex.def)             Requested size: 227.62204pt x 168.52048pt.
 [15 <./p1.3c.png>]
! Missing \right. inserted.
<inserted text> 
                \right .
l.331 \end{array}\]
                   \\
I've inserted something that you may have forgotten.
(See the <inserted text> above.)
With luck, this will get me unwedged. But if you
really didn't forget anything, try typing `2' now; then
my insertion and my current dilemma will both disappear.


Underfull \hbox (badness 10000) in paragraph at lines 331--332

 []


Underfull \hbox (badness 10000) in paragraph at lines 333--339

 []

[16]
! Missing \right. inserted.
<inserted text> 
                \right .
l.348 \end{array}\]
                   \\
I've inserted something that you may have forgotten.
(See the <inserted text> above.)
With luck, this will get me unwedged. But if you
really didn't forget anything, try typing `2' now; then
my insertion and my current dilemma will both disappear.


Underfull \hbox (badness 10000) in paragraph at lines 348--349

 []

! Missing \right. inserted.
<inserted text> 
                \right .
l.357 \end{array}\]
                   \\
I've inserted something that you may have forgotten.
(See the <inserted text> above.)
With luck, this will get me unwedged. But if you
really didn't forget anything, try typing `2' now; then
my insertion and my current dilemma will both disappear.


Underfull \hbox (badness 10000) in paragraph at lines 357--358

 []


Underfull \hbox (badness 10000) in paragraph at lines 363--364

 []


Underfull \hbox (badness 10000) in paragraph at lines 365--366

 []

[17]
Underfull \hbox (badness 10000) in paragraph at lines 375--376

 []


Underfull \hbox (badness 10000) in paragraph at lines 379--380

 []


Underfull \hbox (badness 10000) in paragraph at lines 379--380

 []

<p1.4b.png, id=88, 493.845pt x 366.36874pt>
File: p1.4b.png Graphic file (type png)
<use p1.4b.png>
Package pdftex.def Info: p1.4b.png  used on input line 383.
(pdftex.def)             Requested size: 227.62204pt x 168.8615pt.
[18 <./p1.4b.png>]
<p1.4c.png, id=94, 494.84875pt x 367.3725pt>
File: p1.4c.png Graphic file (type png)
<use p1.4c.png>
Package pdftex.def Info: p1.4c.png  used on input line 388.
(pdftex.def)             Requested size: 227.62204pt x 168.98218pt.
 [19 <./p1.4c.png>]
Underfull \hbox (badness 10000) in paragraph at lines 399--400

 []


Underfull \hbox (badness 10000) in paragraph at lines 414--415

 []


Underfull \hbox (badness 10000) in paragraph at lines 416--417

 []


Underfull \hbox (badness 10000) in paragraph at lines 420--421

 []

[20]
Underfull \hbox (badness 10000) in paragraph at lines 431--432

 []


Underfull \hbox (badness 10000) in paragraph at lines 437--438

 []


Underfull \hbox (badness 10000) in paragraph at lines 443--444

 []


Underfull \hbox (badness 10000) in paragraph at lines 449--450

 []


Overfull \hbox (17.43059pt too wide) detected at line 455
\OMS/cmsy/m/n/14.4 h\OML/cmm/m/it/14.4 x\OMS/cmsy/m/n/14.4 i \OT1/cmr/m/n/14.4 
= [] [] + [] [] \OMS/cmsy/m/n/14.4 ^^@ [] [] \OT1/cmr/m/n/14.4 + [] []
 []


Underfull \hbox (badness 10000) in paragraph at lines 455--456

 []

[21]
Underfull \hbox (badness 10000) in paragraph at lines 471--472

 []


Underfull \hbox (badness 10000) in paragraph at lines 478--479

 []


Underfull \hbox (badness 10000) in paragraph at lines 485--486

 []


Overfull \hbox (1.04428pt too wide) detected at line 492
\OMS/cmsy/m/n/14.4 h\OML/cmm/m/it/14.4 x\OMS/cmsy/m/n/14.4 i \OT1/cmr/m/n/14.4 
= [] []
 []


Underfull \hbox (badness 10000) in paragraph at lines 492--493

 []


Overfull \hbox (35.95686pt too wide) detected at line 497
\OMS/cmsy/m/n/14.4 h\OML/cmm/m/it/14.4 x\OMS/cmsy/m/n/14.4 i \OT1/cmr/m/n/14.4 
= [] [] = [] = []
 []


Underfull \hbox (badness 10000) in paragraph at lines 497--498

 []


Underfull \hbox (badness 10000) in paragraph at lines 499--500

 []

[22]
Underfull \hbox (badness 10000) in paragraph at lines 508--510

 []

[23]
! Missing \right. inserted.
<inserted text> 
                \right .
l.526 \end{array}\]
                   \\
I've inserted something that you may have forgotten.
(See the <inserted text> above.)
With luck, this will get me unwedged. But if you
really didn't forget anything, try typing `2' now; then
my insertion and my current dilemma will both disappear.


Underfull \hbox (badness 10000) in paragraph at lines 526--527

 []

! Missing \right. inserted.
<inserted text> 
                \right .
l.535 \end{array}\]
                   \\
I've inserted something that you may have forgotten.
(See the <inserted text> above.)
With luck, this will get me unwedged. But if you
really didn't forget anything, try typing `2' now; then
my insertion and my current dilemma will both disappear.


Underfull \hbox (badness 10000) in paragraph at lines 535--536

 []


Underfull \hbox (badness 10000) in paragraph at lines 539--540

 []


Underfull \hbox (badness 10000) in paragraph at lines 550--551

 []


Underfull \hbox (badness 10000) in paragraph at lines 552--553

 []

[24]
Underfull \hbox (badness 10000) in paragraph at lines 559--560

 []


Underfull \hbox (badness 10000) in paragraph at lines 561--562

 []


Underfull \hbox (badness 10000) in paragraph at lines 565--566

 []


Underfull \hbox (badness 10000) in paragraph at lines 567--568

 []

[25]
Underfull \hbox (badness 10000) in paragraph at lines 574--575

 []


Underfull \hbox (badness 10000) in paragraph at lines 576--577

 []


Underfull \hbox (badness 10000) in paragraph at lines 580--581

 []


Underfull \hbox (badness 10000) in paragraph at lines 582--583

 []


Underfull \hbox (badness 10000) in paragraph at lines 584--585

 []

[26]
Underfull \hbox (badness 10000) in paragraph at lines 593--594

 []


Underfull \hbox (badness 10000) in paragraph at lines 599--600

 []


Underfull \hbox (badness 10000) in paragraph at lines 601--602

 []


Underfull \hbox (badness 10000) in paragraph at lines 609--610

 []

<p1.5c.png, id=130, 490.83376pt x 364.36125pt>
File: p1.5c.png Graphic file (type png)
<use p1.5c.png>
Package pdftex.def Info: p1.5c.png  used on input line 612.
(pdftex.def)             Requested size: 227.62204pt x 168.97032pt.
[27 <./p1.5c.png>]
Underfull \hbox (badness 10000) in paragraph at lines 617--618

 []


Underfull \hbox (badness 10000) in paragraph at lines 621--622

 []


Overfull \hbox (20.9902pt too wide) detected at line 625
\OML/cmm/m/it/14.4 P \OT1/cmr/m/n/14.4 = [][] \OMS/cmsy/m/n/14.4 j\OT1/cmr/m/n/
14.4 	(\OML/cmm/m/it/14.4 x; t\OT1/cmr/m/n/14.4 )\OMS/cmsy/m/n/14.4 j[]\OML/cmm
/m/it/14.4 dx \OT1/cmr/m/n/14.4 + [][] \OMS/cmsy/m/n/14.4 j\OT1/cmr/m/n/14.4 	(
\OML/cmm/m/it/14.4 x; t\OT1/cmr/m/n/14.4 )\OMS/cmsy/m/n/14.4 j[]\OML/cmm/m/it/1
4.4 dx \OT1/cmr/m/n/14.4 = [][] \OMS/cmsy/m/n/14.4 j\OT1/cmr/m/n/14.4 	(\OML/cm
m/m/it/14.4 x; t\OT1/cmr/m/n/14.4 )\OMS/cmsy/m/n/14.4 j[]\OML/cmm/m/it/14.4 dx 
\OT1/cmr/m/n/14.4 + [][] \OMS/cmsy/m/n/14.4 j\OT1/cmr/m/n/14.4 	(\OML/cmm/m/it/
14.4 x; t\OT1/cmr/m/n/14.4 )\OMS/cmsy/m/n/14.4 j[]\OML/cmm/m/it/14.4 dx
 []


Underfull \hbox (badness 10000) in paragraph at lines 625--626

 []


Underfull \hbox (badness 10000) in paragraph at lines 627--628

 []


Underfull \hbox (badness 10000) in paragraph at lines 632--633

 []

[28] [29]
Underfull \hbox (badness 10000) in paragraph at lines 656--657

 []


Overfull \hbox (18.46559pt too wide) in paragraph at lines 662--663
[][] 
 []


Underfull \hbox (badness 10000) in paragraph at lines 662--663

 []


Underfull \hbox (badness 10000) in paragraph at lines 662--663

 []


Underfull \hbox (badness 10000) in paragraph at lines 667--668

 []


Underfull \hbox (badness 10000) in paragraph at lines 670--671

 []

[30] [31]
Underfull \hbox (badness 10000) in paragraph at lines 687--688

 []


Underfull \hbox (badness 10000) in paragraph at lines 689--690

 []


Underfull \hbox (badness 10000) in paragraph at lines 692--693

 []


Underfull \hbox (badness 10000) in paragraph at lines 697--698

 []


Underfull \hbox (badness 10000) in paragraph at lines 701--702

 []


Underfull \hbox (badness 10000) in paragraph at lines 705--706

 []

[32]
Underfull \hbox (badness 10000) in paragraph at lines 717--718

 []


Underfull \hbox (badness 10000) in paragraph at lines 723--724

 []


Underfull \hbox (badness 10000) in paragraph at lines 729--730

 []


Underfull \hbox (badness 10000) in paragraph at lines 735--736

 []


Underfull \hbox (badness 10000) in paragraph at lines 739--740

 []


Underfull \hbox (badness 10000) in paragraph at lines 746--747

 []


Underfull \hbox (badness 10000) in paragraph at lines 749--750

 []

[33]
Underfull \hbox (badness 10000) in paragraph at lines 760--761

 []


Underfull \hbox (badness 10000) in paragraph at lines 767--768

 []


Underfull \hbox (badness 10000) in paragraph at lines 770--771

 []


Underfull \hbox (badness 10000) in paragraph at lines 775--776

 []

[34] [35]
Underfull \hbox (badness 10000) in paragraph at lines 791--792

 []


Underfull \hbox (badness 10000) in paragraph at lines 793--794

 []


Underfull \hbox (badness 10000) in paragraph at lines 795--796

 []


Underfull \hbox (badness 10000) in paragraph at lines 801--802

 []


Underfull \hbox (badness 10000) in paragraph at lines 803--804

 []

[36]
Underfull \hbox (badness 10000) in paragraph at lines 812--813

 []


Underfull \hbox (badness 10000) in paragraph at lines 815--816

 []


Underfull \hbox (badness 10000) in paragraph at lines 818--819

 []


Underfull \hbox (badness 10000) in paragraph at lines 821--822

 []


Underfull \hbox (badness 10000) in paragraph at lines 825--826

 []


Underfull \hbox (badness 10000) in paragraph at lines 829--830

 []


Underfull \hbox (badness 10000) in paragraph at lines 837--837

 []


Overfull \hbox (18.46559pt too wide) in paragraph at lines 837--838
 [] 
 []

[37]
Underfull \hbox (badness 10000) in paragraph at lines 845--846

 []


Underfull \hbox (badness 10000) in paragraph at lines 847--850

 []

[38]
Underfull \hbox (badness 10000) in paragraph at lines 857--858

 []


Underfull \hbox (badness 10000) in paragraph at lines 859--860

 []


Overfull \hbox (8.80235pt too wide) detected at line 867
\OML/cmm/m/it/14.4 x \OT1/cmr/m/n/14.4 = []  \OMS/cmsy/m/n/14.4 !  \OML/cmm/m/i
t/14.4 u \OT1/cmr/m/n/14.4 = []\OML/cmm/m/it/14.4 x[]  \OMS/cmsy/m/n/14.4 !  \O
ML/cmm/m/it/14.4 du \OT1/cmr/m/n/14.4 = []\OML/cmm/m/it/14.4 xdx  \OMS/cmsy/m/n
/14.4 !  \OT1/cmr/m/n/14.4 2\OML/cmm/m/it/14.4 dx \OT1/cmr/m/n/14.4 = []\OML/cm
m/m/it/14.4 du
 []


Underfull \hbox (badness 10000) in paragraph at lines 869--870

 []


Overfull \hbox (52.26253pt too wide) detected at line 874
\OT1/cmr/m/n/14.4 2\OML/cmm/m/it/14.4 A[] [][] e[]dx \OT1/cmr/m/n/14.4 = \OML/c
mm/m/it/14.4 A[][] [][] u[]e[]dx \OT1/cmr/m/n/14.4 = \OML/cmm/m/it/14.4 A[][]\O
T1/cmr/m/n/14.4 ^^@ [] = \OML/cmm/m/it/14.4 A[][][] \OT1/cmr/m/n/14.4 = 1
 []


Underfull \hbox (badness 10000) in paragraph at lines 874--875

 []


Underfull \hbox (badness 10000) in paragraph at lines 876--877

 []

[39]
Underfull \hbox (badness 10000) in paragraph at lines 884--885

 []


Underfull \hbox (badness 10000) in paragraph at lines 888--889

 []


Underfull \hbox (badness 10000) in paragraph at lines 892--893

 []


Underfull \hbox (badness 10000) in paragraph at lines 896--897

 []


Underfull \hbox (badness 10000) in paragraph at lines 900--901

 []


Underfull \hbox (badness 10000) in paragraph at lines 904--905

 []

[40]
Underfull \hbox (badness 10000) in paragraph at lines 913--914

 []


Underfull \hbox (badness 10000) in paragraph at lines 915--916

 []

[41]
Underfull \hbox (badness 10000) in paragraph at lines 922--923

 []


Underfull \hbox (badness 10000) in paragraph at lines 927--928

 []


Underfull \hbox (badness 10000) in paragraph at lines 929--930

 []


Underfull \hbox (badness 10000) in paragraph at lines 933--934

 []


Overfull \hbox (27.77487pt too wide) detected at line 938
[][] \OML/cmm/m/it/14.4 x[]e[]dx \OT1/cmr/m/n/14.4 = [][] \OML/cmm/m/it/14.4 x[
]e[]dx  \OMS/cmsy/m/n/14.4 !  [][] \OML/cmm/m/it/14.4 x[]e[]dx \OT1/cmr/m/n/14.
4 = 2 [][] \OML/cmm/m/it/14.4 x[]e[]dx
 []


Underfull \hbox (badness 10000) in paragraph at lines 938--939

 []

[42]
Overfull \hbox (22.31479pt too wide) detected at line 943
\OML/cmm/m/it/14.4 x \OT1/cmr/m/n/14.4 = []  \OMS/cmsy/m/n/14.4 !  \OML/cmm/m/i
t/14.4 u \OT1/cmr/m/n/14.4 = []\OML/cmm/m/it/14.4 x[]  \OMS/cmsy/m/n/14.4 !  \O
ML/cmm/m/it/14.4 du \OT1/cmr/m/n/14.4 = []\OML/cmm/m/it/14.4 xdx  \OMS/cmsy/m/n
/14.4 !  \OT1/cmr/m/n/14.4 2\OML/cmm/m/it/14.4 x[]dx \OT1/cmr/m/n/14.4 = []\OML
/cmm/m/it/14.4 xdu
 []


Underfull \hbox (badness 10000) in paragraph at lines 945--946

 []


Overfull \hbox (35.77711pt too wide) detected at line 950
\U/msa/m/n/14.4 )  \OMS/cmsy/m/n/14.4 h\OML/cmm/m/it/14.4 x[]\OMS/cmsy/m/n/14.4
 i \OT1/cmr/m/n/14.4 = \OML/cmm/m/it/14.4 A[] [][] [][] u[]e[]du \OT1/cmr/m/n/1
4.4 = \OML/cmm/m/it/14.4 A[] [][] \OT1/cmr/m/n/14.4 ^^@ [] = \OML/cmm/m/it/14.4
 A[] [][] []
 []


Underfull \hbox (badness 10000) in paragraph at lines 950--951

 []


Overfull \hbox (2.8693pt too wide) detected at line 955
\OML/cmm/m/it/14.4 A[] \OT1/cmr/m/n/14.4 = [][]  \OMS/cmsy/m/n/14.4 !  h\OML/cm
m/m/it/14.4 x[]\OMS/cmsy/m/n/14.4 i \OT1/cmr/m/n/14.4 = [][] [][] [] = [][] [][
]
 []


Underfull \hbox (badness 10000) in paragraph at lines 955--956

 []

[43]
Underfull \hbox (badness 10000) in paragraph at lines 964--965

 []


Overfull \hbox (9.70375pt too wide) detected at line 968
\OMS/cmsy/m/n/14.4 h\OML/cmm/m/it/14.4 p\OMS/cmsy/m/n/14.4 i \OT1/cmr/m/n/14.4 
= \OMS/cmsy/m/n/14.4 ^^@\OML/cmm/m/it/14.4 i\U/msb/m/n/14.4 ~\OML/cmm/m/it/14.4
 A[] [][] e[][] [] dx \OT1/cmr/m/n/14.4 = \OMS/cmsy/m/n/14.4 ^^@\OML/cmm/m/it/1
4.4 i\U/msb/m/n/14.4 ~\OML/cmm/m/it/14.4 A[] [][] e[][] [] dx
 []


Underfull \hbox (badness 10000) in paragraph at lines 968--969

 []


Underfull \hbox (badness 10000) in paragraph at lines 972--973

 []


Underfull \hbox (badness 10000) in paragraph at lines 977--978

 []

[44]
Underfull \hbox (badness 10000) in paragraph at lines 986--987

 []


Overfull \hbox (57.24913pt too wide) detected at line 990
\OMS/cmsy/m/n/14.4 h\OML/cmm/m/it/14.4 p[]\OMS/cmsy/m/n/14.4 i \OT1/cmr/m/n/14.
4 = \OMS/cmsy/m/n/14.4 ^^@\U/msb/m/n/14.4 ~[]\OML/cmm/m/it/14.4 A[] [][] e[][] 
[] dx \OT1/cmr/m/n/14.4 = \OMS/cmsy/m/n/14.4 ^^@\U/msb/m/n/14.4 ~[]\OML/cmm/m/i
t/14.4 A[] [][] e[][] [] dx
 []


Underfull \hbox (badness 10000) in paragraph at lines 990--991

 []


Underfull \hbox (badness 10000) in paragraph at lines 993--994

 []


Underfull \hbox (badness 10000) in paragraph at lines 996--997

 []


Underfull \hbox (badness 10000) in paragraph at lines 999--1000

 []

[45]
Overfull \hbox (27.77487pt too wide) detected at line 1012
[][] \OML/cmm/m/it/14.4 x[]e[]dx \OT1/cmr/m/n/14.4 = [][] \OML/cmm/m/it/14.4 x[
]e[]dx  \OMS/cmsy/m/n/14.4 !  [][] \OML/cmm/m/it/14.4 x[]e[]dx \OT1/cmr/m/n/14.
4 = 2 [][] \OML/cmm/m/it/14.4 x[]e[]dx
 []


Underfull \hbox (badness 10000) in paragraph at lines 1012--1013

 []


! LaTeX Error: Bad math environment delimiter.

See the LaTeX manual or LaTeX Companion for explanation.
Type  H <return>  for immediate help.
 ...                                              
                                                  
l.1016 ...infty x^2e^{-2a\frac{mx^2}{\hbar}}dx\]\]
                                                  \\
Your command was ignored.
Type  I <command> <return>  to replace it with another command,
or  <return>  to continue without it.


! LaTeX Error: \begin{document} ended by \end{equation*}.

See the LaTeX manual or LaTeX Companion for explanation.
Type  H <return>  for immediate help.
 ...                                              
                                                  
l.1016 ...infty x^2e^{-2a\frac{mx^2}{\hbar}}dx\]\]
                                                  \\
Your command was ignored.
Type  I <command> <return>  to replace it with another command,
or  <return>  to continue without it.

! Missing $ inserted.
<inserted text> 
                $
l.1016 ...infty x^2e^{-2a\frac{mx^2}{\hbar}}dx\]\]
                                                  \\
I've inserted something that you may have forgotten.
(See the <inserted text> above.)
With luck, this will get me unwedged. But if you
really didn't forget anything, try typing `2' now; then
my insertion and my current dilemma will both disappear.

! Display math should end with $$.
<to be read again> 
                   \endgroup 
l.1016 ...infty x^2e^{-2a\frac{mx^2}{\hbar}}dx\]\]
                                                  \\
The `$' that I just saw supposedly matches a previous `$$'.
So I shall assume that you typed `$$' both times.

! Extra \endgroup.
<recently read> \endgroup 
                          
l.1016 ...infty x^2e^{-2a\frac{mx^2}{\hbar}}dx\]\]
                                                  \\
Things are pretty mixed up, but I think the worst is over.


Underfull \hbox (badness 10000) in paragraph at lines 1016--1017

 []


Overfull \hbox (14.8001pt too wide) detected at line 1018
\OML/cmm/m/it/14.4 x \OT1/cmr/m/n/14.4 = []  \OMS/cmsy/m/n/14.4 !  \OML/cmm/m/i
t/14.4 u \OT1/cmr/m/n/14.4 = []\OML/cmm/m/it/14.4 x[]  \OMS/cmsy/m/n/14.4 !  \O
ML/cmm/m/it/14.4 du \OT1/cmr/m/n/14.4 = []\OML/cmm/m/it/14.4 xdx  \OMS/cmsy/m/n
/14.4 !  \OT1/cmr/m/n/14.4 4\U/msb/m/n/14.4 ~\OML/cmm/m/it/14.4 madx \OT1/cmr/m
/n/14.4 = []\OML/cmm/m/it/14.4 du
 []


Overfull \hbox (32.58176pt too wide) detected at line 1022
\OML/cmm/m/it/14.4 du \OT1/cmr/m/n/14.4 = []\OML/cmm/m/it/14.4 xdx  \OMS/cmsy/m
/n/14.4 !  \OT1/cmr/m/n/14.4 4\OML/cmm/m/it/14.4 m[]a[]x[]dx \OT1/cmr/m/n/14.4 
= \U/msb/m/n/14.4 ~\OML/cmm/m/it/14.4 maxdu  \OMS/cmsy/m/n/14.4 !  \OT1/cmr/m/n
/14.4 4\OML/cmm/m/it/14.4 m[]a[]x[]dx \OT1/cmr/m/n/14.4 = \U/msb/m/n/14.4 ~\OML
/cmm/m/it/14.4 ma[]du
 []


Underfull \hbox (badness 10000) in paragraph at lines 1024--1025

 []


Underfull \hbox (badness 10000) in paragraph at lines 1028--1029

 []

[46]
Underfull \hbox (badness 10000) in paragraph at lines 1036--1037

 []


Overfull \hbox (27.40428pt too wide) detected at line 1041
\OML/cmm/m/it/14.4 A[] \OT1/cmr/m/n/14.4 = [][]  \OMS/cmsy/m/n/14.4 !  h\OML/cm
m/m/it/14.4 p[]\OMS/cmsy/m/n/14.4 i \OT1/cmr/m/n/14.4 = \U/msb/m/n/14.4 ~[][] [
][] [] \OMS/cmsy/m/n/14.4 ^^@ \OT1/cmr/m/n/14.4 2\U/msb/m/n/14.4 ~\OML/cmm/m/it
/14.4 am[] [][] []
 []


Underfull \hbox (badness 10000) in paragraph at lines 1041--1042

 []


Underfull \hbox (badness 10000) in paragraph at lines 1043--1044

 []

[47]
Underfull \hbox (badness 10000) in paragraph at lines 1052--1053

 []


Underfull \hbox (badness 10000) in paragraph at lines 1058--1059

 []


Underfull \hbox (badness 10000) in paragraph at lines 1062--1063

 []


Underfull \hbox (badness 10000) in paragraph at lines 1065--1066

 []


Underfull \hbox (badness 10000) in paragraph at lines 1072--1072

 []


Overfull \hbox (18.46559pt too wide) in paragraph at lines 1072--1073
[][] 
 []

[48] (./GriffithsIQM.aux)
Package rerunfilecheck Info: File `GriffithsIQM.out' has not changed.
(rerunfilecheck)             Checksum: D41D8CD98F00B204E9800998ECF8427E;0.
 ) 
Here is how much of TeX's memory you used:
 7145 strings out of 479304
 105889 string characters out of 5869779
 430957 words of memory out of 5000000
 24164 multiletter control sequences out of 15000+600000
 409157 words of font info for 49 fonts, out of 8000000 for 9000
 1141 hyphenation exceptions out of 8191
 71i,13n,74p,294b,321s stack positions out of 5000i,500n,10000p,200000b,80000s
</usr/share/texlive/texmf-dist/fonts/type1/public/amsfonts/cm/cmbx12.pfb></us
r/share/texlive/texmf-dist/fonts/type1/public/amsfonts/cm/cmex10.pfb></usr/shar
e/texlive/texmf-dist/fonts/type1/public/amsfonts/cm/cmmi10.pfb></usr/share/texl
ive/texmf-dist/fonts/type1/public/amsfonts/cm/cmmi12.pfb></usr/share/texlive/te
xmf-dist/fonts/type1/public/amsfonts/cm/cmmi7.pfb></usr/share/texlive/texmf-dis
t/fonts/type1/public/amsfonts/cm/cmr10.pfb></usr/share/texlive/texmf-dist/fonts
/type1/public/amsfonts/cm/cmr12.pfb></usr/share/texlive/texmf-dist/fonts/type1/
public/amsfonts/cm/cmr7.pfb></usr/share/texlive/texmf-dist/fonts/type1/public/a
msfonts/cm/cmsy10.pfb></usr/share/texlive/texmf-dist/fonts/type1/public/amsfont
s/cm/cmsy7.pfb></usr/share/texlive/texmf-dist/fonts/type1/public/amsfonts/cm/cm
ti12.pfb></usr/share/texlive/texmf-dist/fonts/type1/public/amsfonts/latxfont/li
ne10.pfb></usr/share/texlive/texmf-dist/fonts/type1/public/amsfonts/symbols/msa
m10.pfb></usr/share/texlive/texmf-dist/fonts/type1/public/amsfonts/symbols/msbm
10.pfb></usr/share/texlive/texmf-dist/fonts/type1/public/amsfonts/symbols/msbm7
.pfb>
Output written on GriffithsIQM.pdf (48 pages, 266775 bytes).
PDF statistics:
 293 PDF objects out of 1000 (max. 8388607)
 217 compressed objects within 3 object streams
 49 named destinations out of 1000 (max. 500000)
 21 words of extra memory for PDF output out of 10000 (max. 10000000)

